SF:lib/logic/code_generator.dart
DA:5,9
DA:6,9
DA:7,9
DA:14,3
DA:15,3
DA:16,12
DA:17,18
DA:18,6
DA:19,6
DA:20,3
LF:10
LH:10
end_of_record
SF:lib/presentation/widgets/gradient_background.dart
DA:10,4
DA:12,4
DA:14,8
DA:21,4
DA:22,4
DA:23,4
DA:24,12
DA:29,4
LF:8
LH:8
end_of_record
SF:lib/theme/light_theme.dart
DA:5,12
DA:7,9
DA:11,3
DA:12,9
DA:22,3
LF:5
LH:5
end_of_record
SF:lib/app.dart
DA:16,2
DA:18,2
DA:20,2
DA:21,2
DA:22,2
DA:25,2
DA:26,2
DA:27,2
DA:33,2
DA:35,4
DA:36,6
DA:41,0
DA:50,2
DA:51,2
DA:52,0
DA:53,0
DA:54,0
LF:17
LH:13
end_of_record
SF:lib/theme/app_theme.dart
DA:6,4
DA:7,4
LF:2
LH:2
end_of_record
SF:lib/theme/theme_provider.dart
DA:6,4
DA:8,0
DA:9,0
DA:10,0
DA:11,0
LF:5
LH:1
end_of_record
SF:lib/presentation/screens/countdown_screen.dart
DA:9,4
DA:11,0
DA:12,0
DA:20,0
DA:21,0
DA:23,0
DA:24,0
DA:25,0
DA:28,0
DA:29,0
DA:30,0
DA:31,0
DA:32,0
DA:33,0
DA:37,0
DA:38,0
DA:39,0
DA:45,0
DA:47,0
DA:48,0
DA:51,0
DA:53,0
DA:55,0
DA:59,0
DA:60,0
DA:61,0
DA:63,0
DA:64,0
DA:65,0
DA:68,0
DA:70,0
DA:71,0
DA:72,0
DA:73,0
DA:75,0
DA:77,0
DA:80,0
DA:81,0
DA:82,0
DA:85,0
DA:86,0
DA:87,0
DA:88,0
DA:89,0
DA:96,0
DA:98,0
DA:100,0
DA:101,0
DA:102,0
DA:105,0
LF:50
LH:1
end_of_record
SF:lib/presentation/screens/code_screen.dart
DA:16,5
DA:18,3
DA:19,3
DA:23,6
DA:24,6
DA:28,3
DA:30,6
DA:31,3
DA:33,6
DA:34,3
DA:36,3
DA:39,2
DA:40,6
DA:41,8
DA:43,4
DA:44,0
DA:46,4
DA:49,2
DA:50,10
DA:51,6
DA:53,2
DA:54,0
DA:57,2
DA:58,2
DA:60,4
DA:61,6
DA:62,2
DA:66,0
DA:67,0
DA:68,0
DA:70,0
DA:71,0
DA:72,0
DA:73,0
DA:77,3
DA:79,3
DA:80,18
DA:81,9
DA:84,3
DA:88,3
DA:89,3
DA:90,3
DA:92,3
DA:95,3
DA:113,3
DA:115,3
DA:116,3
DA:119,3
DA:120,3
DA:121,3
DA:122,3
DA:123,3
DA:126,3
DA:127,3
DA:128,2
DA:132,2
DA:135,2
DA:136,2
DA:137,14
DA:138,10
DA:141,4
DA:143,2
DA:144,2
DA:145,2
LF:64
LH:55
end_of_record
SF:lib/presentation/screens/about_screen.dart
DA:11,4
DA:13,0
DA:14,0
DA:20,0
DA:22,0
DA:23,0
DA:26,0
DA:27,0
DA:28,0
DA:29,0
DA:33,0
DA:35,0
DA:36,0
DA:37,0
DA:38,0
DA:40,0
DA:42,0
DA:46,0
DA:47,0
DA:48,0
DA:50,0
DA:52,0
LF:22
LH:1
end_of_record
SF:lib/presentation/screens/instructions_screen.dart
DA:9,4
DA:11,0
DA:13,0
DA:15,0
DA:19,0
DA:20,0
DA:21,0
DA:23,0
DA:24,0
DA:25,0
LF:10
LH:1
end_of_record
SF:lib/presentation/widgets/app_drawer.dart
DA:9,16
DA:11,0
DA:13,0
DA:14,0
DA:16,0
DA:17,0
DA:19,0
DA:20,0
DA:22,0
DA:23,0
DA:31,0
DA:32,0
DA:33,0
DA:34,0
DA:39,0
DA:42,0
DA:44,0
DA:45,0
DA:51,0
DA:53,0
DA:54,0
DA:56,0
DA:58,0
DA:59,0
DA:60,0
DA:63,0
DA:65,0
DA:66,0
DA:68,0
DA:69,0
DA:71,0
DA:72,0
DA:76,0
DA:77,0
DA:78,0
DA:79,0
DA:82,0
DA:84,0
DA:85,0
LF:39
LH:1
end_of_record
SF:lib/presentation/widgets/app_logo_bar.dart
DA:4,16
DA:6,3
DA:9,3
DA:11,3
DA:14,9
DA:16,12
LF:6
LH:6
end_of_record
SF:lib/presentation/widgets/text_card.dart
DA:11,0
DA:19,0
DA:21,0
DA:22,0
DA:23,0
DA:24,0
DA:28,0
DA:31,0
DA:32,0
DA:33,0
DA:34,0
DA:35,0
DA:36,0
DA:42,0
DA:44,0
DA:45,0
DA:46,0
DA:48,0
DA:53,0
DA:54,0
DA:56,0
DA:57,0
DA:58,0
DA:64,0
DA:65,0
DA:66,0
DA:67,0
DA:68,0
DA:69,0
LF:29
LH:0
end_of_record
SF:lib/presentation/widgets/action_buttons.dart
DA:10,3
DA:16,3
DA:18,3
DA:20,3
DA:21,3
DA:22,3
DA:23,6
DA:24,9
DA:25,9
DA:28,3
DA:29,3
DA:30,3
DA:31,9
DA:34,3
DA:35,3
DA:36,2
DA:37,2
DA:38,0
DA:40,2
DA:41,6
DA:47,3
DA:48,3
DA:49,9
LF:23
LH:22
end_of_record
SF:lib/presentation/widgets/input_fields.dart
DA:9,3
DA:16,3
DA:18,3
DA:19,6
DA:20,9
DA:21,3
DA:22,3
DA:23,6
DA:26,3
DA:28,6
DA:29,3
DA:33,3
DA:34,6
DA:35,6
DA:36,3
DA:40,9
DA:45,3
DA:51,3
DA:52,3
DA:55,6
LF:20
LH:20
end_of_record
SF:lib/presentation/widgets/result_display.dart
DA:9,2
DA:11,2
DA:13,2
DA:14,2
DA:16,8
DA:17,2
DA:23,2
DA:24,6
DA:25,2
DA:26,2
DA:27,6
DA:30,2
DA:32,6
DA:33,4
DA:38,2
LF:15
LH:15
end_of_record
SF:lib/presentation/widgets/clickable_links.dart
DA:11,0
DA:19,0
DA:20,0
DA:21,0
DA:22,0
DA:26,0
DA:29,0
DA:31,0
DA:34,0
DA:35,0
DA:38,0
DA:40,0
DA:43,0
DA:49,0
DA:50,0
DA:52,0
DA:53,0
DA:54,0
DA:55,0
DA:59,0
DA:60,0
DA:61,0
DA:65,0
DA:69,0
DA:71,0
DA:72,0
DA:74,0
DA:75,0
DA:81,0
DA:86,0
DA:87,0
DA:89,0
DA:91,0
DA:98,0
DA:102,0
DA:103,0
DA:104,0
DA:107,0
DA:108,0
DA:109,0
DA:116,0
DA:118,0
DA:120,0
DA:122,0
LF:44
LH:0
end_of_record
SF:lib/theme/app_gradient_colors.dart
DA:8,12
DA:10,0
DA:12,0
DA:13,0
DA:14,0
DA:18,0
DA:20,0
DA:21,0
DA:22,0
DA:23,0
LF:10
LH:1
end_of_record
SF:lib/theme/dark_theme.dart
DA:5,8
DA:7,6
DA:8,2
DA:11,6
DA:17,2
LF:5
LH:5
end_of_record
